[2024-04-16 10:05:33.541] [info] Loaded model subject01 from file c:/Users/giaco/Documents/OpenSim/4.5/Models/Gait2354_Simbody/subject01_simbody.osim
[2024-04-16 10:05:33.544] [warning] Couldn't find file 'sacrum.vtp'.
[2024-04-16 10:05:33.545] [warning] Couldn't find file 'pelvis.vtp'.
[2024-04-16 10:05:33.545] [warning] Couldn't find file 'l_pelvis.vtp'.
[2024-04-16 10:05:33.546] [warning] Couldn't find file 'femur_r.vtp'.
[2024-04-16 10:05:33.546] [warning] Couldn't find file 'tibia_r.vtp'.
[2024-04-16 10:05:33.546] [warning] Couldn't find file 'fibula.vtp'.
[2024-04-16 10:05:33.547] [warning] Couldn't find file 'talus.vtp'.
[2024-04-16 10:05:33.547] [warning] Couldn't find file 'foot.vtp'.
[2024-04-16 10:05:33.548] [warning] Couldn't find file 'bofoot.vtp'.
[2024-04-16 10:05:33.549] [warning] Couldn't find file 'femur_l.vtp'.
[2024-04-16 10:05:33.549] [warning] Couldn't find file 'tibia_l.vtp'.
[2024-04-16 10:05:33.550] [warning] Couldn't find file 'l_fibula.vtp'.
[2024-04-16 10:05:33.551] [warning] Couldn't find file 'l_talus.vtp'.
[2024-04-16 10:05:33.552] [warning] Couldn't find file 'l_foot.vtp'.
[2024-04-16 10:05:33.552] [warning] Couldn't find file 'l_bofoot.vtp'.
[2024-04-16 10:05:33.553] [warning] Couldn't find file 'hat_spine.vtp'.
[2024-04-16 10:05:33.554] [warning] Couldn't find file 'hat_jaw.vtp'.
[2024-04-16 10:05:33.554] [warning] Couldn't find file 'hat_skull.vtp'.
[2024-04-16 10:05:33.555] [warning] Couldn't find file 'hat_ribs.vtp'.
